processing 244 files
process: 20
* processing out/input_chunk_gu.json
* processing out/input_chunk_eu.json
* processing out/input_chunk_bt.json
* processing out/input_chunk_cq.json
* processing out/input_chunk_bj.json
* processing out/input_chunk_iu.json
* processing out/input_chunk_ar.json
* processing out/input_chunk_jh.json
* processing out/input_chunk_de.json
* processing out/input_chunk_fr.json
* processing out/input_chunk_ht.json
* processing out/input_chunk_ia.json
* processing out/input_chunk_gf.json
* processing out/input_chunk_fb.json
* processing out/input_chunk_iw.json
* processing out/input_chunk_eh.json
* processing out/input_chunk_ha.json
* processing out/input_chunk_eq.json
* processing out/input_chunk_al.json
* processing out/input_chunk_gs.json
* processing out/input_chunk_ca.json
* processing out/input_chunk_aj.json
* processing out/input_chunk_hg.json
* processing out/input_chunk_hy.json
* processing out/input_chunk_bg.json
* processing out/input_chunk_gi.json
* processing out/input_chunk_ev.json
* processing out/input_chunk_io.json
* processing out/input_chunk_dz.json
* processing out/input_chunk_ix.json
* processing out/input_chunk_dp.json
* processing out/input_chunk_ag.json
* processing out/input_chunk_ea.json
* processing out/input_chunk_jj.json
* processing out/input_chunk_gm.json
* processing out/input_chunk_hh.json
* processing out/input_chunk_fp.json
* processing out/input_chunk_ce.json
* processing out/input_chunk_hc.json
* processing out/input_chunk_gp.json
* processing out/input_chunk_ip.json
* processing out/input_chunk_fk.json
* processing out/input_chunk_ig.json
* processing out/input_chunk_bh.json
* processing out/input_chunk_ij.json
* processing out/input_chunk_gt.json
* processing out/input_chunk_go.json
* processing out/input_chunk_ct.json
* processing out/input_chunk_gb.json
* processing out/input_chunk_eo.json
* processing out/input_chunk_ap.json
* processing out/input_chunk_dc.json
* processing out/input_chunk_bx.json
* processing out/input_chunk_dx.json
* processing out/input_chunk_ex.json
* processing out/input_chunk_bo.json
* processing out/input_chunk_bn.json
* processing out/input_chunk_dr.json
* processing out/input_chunk_hq.json
* processing out/input_chunk_hi.json
* processing out/input_chunk_hr.json
* processing out/input_chunk_ir.json
* processing out/input_chunk_fa.json
* processing out/input_chunk_if.json
* processing out/input_chunk_ic.json
* processing out/input_chunk_jg.json
* processing out/input_chunk_en.json
* processing out/input_chunk_fg.json
* processing out/input_chunk_gh.json
* processing out/input_chunk_fo.json
* processing out/input_chunk_dg.json
* processing out/input_chunk_gj.json
* processing out/input_chunk_et.json
* processing out/input_chunk_fi.json
* processing out/input_chunk_df.json
* processing out/input_chunk_cn.json
* processing out/input_chunk_ey.json
* processing out/input_chunk_cv.json
* processing out/input_chunk_ec.json
* processing out/input_chunk_hp.json
* processing out/input_chunk_ja.json
* processing out/input_chunk_as.json
* processing out/input_chunk_gk.json
* processing out/input_chunk_gg.json
* processing out/input_chunk_ax.json
* processing out/input_chunk_hx.json
* processing out/input_chunk_an.json
* processing out/input_chunk_gv.json
* processing out/input_chunk_bc.json
* processing out/input_chunk_cx.json
* processing out/input_chunk_ch.json
* processing out/input_chunk_em.json
* processing out/input_chunk_ee.json
* processing out/input_chunk_fc.json
* processing out/input_chunk_bq.json
* processing out/input_chunk_ga.json
* processing out/input_chunk_gn.json
* processing out/input_chunk_dk.json
* processing out/input_chunk_fq.json
* processing out/input_chunk_hn.json
* processing out/input_chunk_cp.json
* processing out/input_chunk_gw.json
* processing out/input_chunk_aw.json
* processing out/input_chunk_ji.json
* processing out/input_chunk_im.json
* processing out/input_chunk_iv.json
* processing out/input_chunk_je.json
* processing out/input_chunk_ak.json
* processing out/input_chunk_co.json
* processing out/input_chunk_du.json
* processing out/input_chunk_cy.json
* processing out/input_chunk_ge.json
* processing out/input_chunk_iq.json
* processing out/input_chunk_fu.json
* processing out/input_chunk_ck.json
* processing out/input_chunk_ci.json
* processing out/input_chunk_iz.json
* processing out/input_chunk_fh.json
* processing out/input_chunk_fn.json
* processing out/input_chunk_bp.json
* processing out/input_chunk_dm.json
* processing out/input_chunk_ft.json
* processing out/input_chunk_ff.json
* processing out/input_chunk_cs.json
* processing out/input_chunk_hm.json
* processing out/input_chunk_cw.json
* processing out/input_chunk_id.json
* processing out/input_chunk_hd.json
* processing out/input_chunk_ih.json
* processing out/input_chunk_cl.json
* processing out/input_chunk_hk.json
* processing out/input_chunk_cg.json
* processing out/input_chunk_ii.json
* processing out/input_chunk_ek.json
* processing out/input_chunk_di.json
* processing out/input_chunk_cb.json
* processing out/input_chunk_jd.json
* processing out/input_chunk_eg.json
* processing out/input_chunk_bi.json
* processing out/input_chunk_cf.json
* processing out/input_chunk_af.json
* processing out/input_chunk_ds.json
* processing out/input_chunk_hf.json
* processing out/input_chunk_bb.json
* processing out/input_chunk_fv.json
* processing out/input_chunk_bl.json
* processing out/input_chunk_dq.json
* processing out/input_chunk_hw.json
* processing out/input_chunk_bf.json
* processing out/input_chunk_jc.json
* processing out/input_chunk_cc.json
* processing out/input_chunk_gd.json
* processing out/input_chunk_fl.json
* processing out/input_chunk_gr.json
* processing out/input_chunk_it.json
* processing out/input_chunk_dl.json
* processing out/input_chunk_hz.json
* processing out/input_chunk_ay.json
* processing out/input_chunk_gq.json
* processing out/input_chunk_bu.json
* processing out/input_chunk_da.json
* processing out/input_chunk_fd.json
* processing out/input_chunk_hv.json
* processing out/input_chunk_ba.json
* processing out/input_chunk_do.json
* processing out/input_chunk_bd.json
* processing out/input_chunk_dn.json
* processing out/input_chunk_az.json
* processing out/input_chunk_hu.json
* processing out/input_chunk_fy.json
* processing out/input_chunk_ed.json
* processing out/input_chunk_dd.json
* processing out/input_chunk_bs.json
* processing out/input_chunk_ad.json
* processing out/input_chunk_ah.json
* processing out/input_chunk_ej.json
* processing out/input_chunk_jf.json
* processing out/input_chunk_fs.json
* processing out/input_chunk_in.json
* processing out/input_chunk_dw.json
* processing out/input_chunk_fe.json
* processing out/input_chunk_dt.json
* processing out/input_chunk_bv.json
* processing out/input_chunk_aq.json
* processing out/input_chunk_fz.json
* processing out/input_chunk_dy.json
* processing out/input_chunk_hj.json
* processing out/input_chunk_by.json
* processing out/input_chunk_hb.json
* processing out/input_chunk_bw.json
* processing out/input_chunk_au.json
* processing out/input_chunk_av.json
* processing out/input_chunk_bk.json
* processing out/input_chunk_br.json
* processing out/input_chunk_ho.json
* processing out/input_chunk_ac.json
* processing out/input_chunk_is.json
* processing out/input_chunk_dv.json
* processing out/input_chunk_be.json
* processing out/input_chunk_el.json
* processing out/input_chunk_il.json
* processing out/input_chunk_fw.json
* processing out/input_chunk_dj.json
* processing out/input_chunk_bz.json
* processing out/input_chunk_ef.json
* processing out/input_chunk_ez.json
* processing out/input_chunk_fm.json
* processing out/input_chunk_aa.json
* processing out/input_chunk_fx.json
* processing out/input_chunk_gc.json
* processing out/input_chunk_cz.json
* processing out/input_chunk_db.json
* processing out/input_chunk_er.json
* processing out/input_chunk_eb.json
* processing out/input_chunk_jb.json
* processing out/input_chunk_cd.json
* processing out/input_chunk_at.json
* processing out/input_chunk_hs.json
* processing out/input_chunk_ab.json
* processing out/input_chunk_bm.json
* processing out/input_chunk_cj.json
* processing out/input_chunk_ew.json
* processing out/input_chunk_gx.json
* processing out/input_chunk_ao.json
* processing out/input_chunk_cm.json
* processing out/input_chunk_gz.json
* processing out/input_chunk_ik.json
* processing out/input_chunk_ai.json
* processing out/input_chunk_gy.json
* processing out/input_chunk_hl.json
* processing out/input_chunk_he.json
* processing out/input_chunk_am.json
* processing out/input_chunk_ep.json
* processing out/input_chunk_gl.json
* processing out/input_chunk_cu.json
* processing out/input_chunk_fj.json
* processing out/input_chunk_ie.json
* processing out/input_chunk_dh.json
* processing out/input_chunk_ei.json
* processing out/input_chunk_es.json
* processing out/input_chunk_iy.json
* processing out/input_chunk_ib.json
* processing out/input_chunk_cr.json
* processing out/input_chunk_ae.json
